Assuming unrestricted shared filesystem usage.
None
host: arash-XPS-13-9310
Building DAG of jobs...
Using shell: /usr/bin/bash
Provided cores: 1 (use --cores to define parallelism)
Rules claiming more threads will be scaled down.
Job stats:
job                  count
-----------------  -------
all                      1
download_figures         3
download_fulltext        3
total                    7

Select jobs to execute...
Failed to solve scheduling problem with ILP solver, falling back to greedy scheduler. You likely have to fix your ILP solver installation. Error message: Pulp: cannot execute cbc cwd: /home/arash/Documents/Science/Research/Projects/pixecog/bib
Execute 1 jobs...
[Fri Nov 21 16:00:19 2025]
localrule download_fulltext:
    output: fulltext/sirota_2003_CommunicationNeocortex/online.txt
    jobid: 6
    reason: Missing output files: fulltext/sirota_2003_CommunicationNeocortex/online.txt
    wildcards: key=sirota_2003_CommunicationNeocortex
    resources: tmpdir=/tmp
Select jobs to execute...
[Fri Nov 21 16:00:21 2025]
Finished jobid: 6 (Rule: download_fulltext)
1 of 7 steps (14%) done
Execute 1 jobs...
[Fri Nov 21 16:00:21 2025]
localrule download_figures:
    output: figures/battaglia_2004_HippocampalSharp/online
    log: figures/battaglia_2004_HippocampalSharp/download.log
    jobid: 1
    reason: Code has changed since last execution; Params have changed since last execution: Union of exclusive params before and now across all output: before: 'battaglia_2004_HippocampalSharp' now: <nothing exclusive> 
    wildcards: key=battaglia_2004_HippocampalSharp
    resources: tmpdir=/tmp
Select jobs to execute...
[Fri Nov 21 16:00:24 2025]
Finished jobid: 1 (Rule: download_figures)
2 of 7 steps (29%) done
Execute 1 jobs...
[Fri Nov 21 16:00:24 2025]
localrule download_fulltext:
    output: fulltext/battaglia_2004_HippocampalSharp/online.txt
    jobid: 4
    reason: Missing output files: fulltext/battaglia_2004_HippocampalSharp/online.txt
    wildcards: key=battaglia_2004_HippocampalSharp
    resources: tmpdir=/tmp
Select jobs to execute...
[Fri Nov 21 16:00:26 2025]
Finished jobid: 4 (Rule: download_fulltext)
3 of 7 steps (43%) done
Execute 1 jobs...
[Fri Nov 21 16:00:26 2025]
localrule download_figures:
    output: figures/kajikawa_2022_StatesRipples/online
    log: figures/kajikawa_2022_StatesRipples/download.log
    jobid: 2
    reason: Code has changed since last execution; Params have changed since last execution: Union of exclusive params before and now across all output: before: 'kajikawa_2022_StatesRipples' now: <nothing exclusive> 
    wildcards: key=kajikawa_2022_StatesRipples
    resources: tmpdir=/tmp
Select jobs to execute...
[Fri Nov 21 16:00:27 2025]
Finished jobid: 2 (Rule: download_figures)
4 of 7 steps (57%) done
Execute 1 jobs...
[Fri Nov 21 16:00:27 2025]
localrule download_figures:
    output: figures/sirota_2003_CommunicationNeocortex/online
    log: figures/sirota_2003_CommunicationNeocortex/download.log
    jobid: 3
    reason: Code has changed since last execution; Params have changed since last execution: Union of exclusive params before and now across all output: before: 'sirota_2003_CommunicationNeocortex' now: <nothing exclusive> 
    wildcards: key=sirota_2003_CommunicationNeocortex
    resources: tmpdir=/tmp
Select jobs to execute...
[Fri Nov 21 16:00:30 2025]
Finished jobid: 3 (Rule: download_figures)
5 of 7 steps (71%) done
Execute 1 jobs...
[Fri Nov 21 16:00:30 2025]
localrule download_fulltext:
    output: fulltext/kajikawa_2022_StatesRipples/online.txt
    jobid: 5
    reason: Missing output files: fulltext/kajikawa_2022_StatesRipples/online.txt
    wildcards: key=kajikawa_2022_StatesRipples
    resources: tmpdir=/tmp
[Fri Nov 21 16:00:31 2025]
Finished jobid: 5 (Rule: download_fulltext)
6 of 7 steps (86%) done
Select jobs to execute...
Execute 1 jobs...
[Fri Nov 21 16:00:31 2025]
localrule all:
    input: pixecog.bib, figures/battaglia_2004_HippocampalSharp/online, figures/kajikawa_2022_StatesRipples/online, figures/sirota_2003_CommunicationNeocortex/online, fulltext/battaglia_2004_HippocampalSharp/online.txt, fulltext/kajikawa_2022_StatesRipples/online.txt, fulltext/sirota_2003_CommunicationNeocortex/online.txt
    jobid: 0
    reason: Input files updated by another job: fulltext/kajikawa_2022_StatesRipples/online.txt, figures/sirota_2003_CommunicationNeocortex/online, figures/kajikawa_2022_StatesRipples/online, fulltext/battaglia_2004_HippocampalSharp/online.txt, fulltext/sirota_2003_CommunicationNeocortex/online.txt, figures/battaglia_2004_HippocampalSharp/online
    resources: tmpdir=/tmp
[Fri Nov 21 16:00:31 2025]
Finished jobid: 0 (Rule: all)
7 of 7 steps (100%) done
Complete log(s): /home/arash/Documents/Science/Research/Projects/pixecog/bib/.snakemake/log/2025-11-21T160019.171732.snakemake.log
