Assuming unrestricted shared filesystem usage.
None
host: arash-XPS-13-9310
Building DAG of jobs...
Using shell: /usr/bin/bash
Provided cores: 1 (use --cores to define parallelism)
Rules claiming more threads will be scaled down.
Job stats:
job      count
-----  -------
all          1
total        1

Select jobs to execute...
Execute 1 jobs...
[Fri Nov 21 14:15:55 2025]
localrule all:
    input: pixecog.bib, figures/battaglia_2004_HippocampalSharp/pdffigures2, figures/kajikawa_2022_StatesRipples/pdffigures2, figures/sirota_2003_CommunicationNeocortex/pdffigures2
    jobid: 0
    reason: Rules with a run or shell declaration but no output are always executed.
    resources: tmpdir=/tmp
[Fri Nov 21 14:15:55 2025]
Finished jobid: 0 (Rule: all)
1 of 1 steps (100%) done
Complete log(s): /home/arash/Documents/Science/Research/Projects/pixecog/bib/.snakemake/log/2025-11-21T141555.767166.snakemake.log
