Assuming unrestricted shared filesystem usage.
None
host: arash-XPS-13-9310
Building DAG of jobs...
Using shell: /usr/bin/bash
Provided cores: 1 (use --cores to define parallelism)
Rules claiming more threads will be scaled down.
Job stats:
job                 count
----------------  -------
all                     1
download_figures        3
total                   4

Select jobs to execute...
Failed to solve scheduling problem with ILP solver, falling back to greedy scheduler. You likely have to fix your ILP solver installation. Error message: Pulp: cannot execute cbc cwd: /home/arash/Documents/Science/Research/Projects/pixecog/bib
Execute 1 jobs...
[Fri Nov 21 15:09:03 2025]
localrule download_figures:
    output: figures/battaglia_2004_HippocampalSharp/online
    log: figures/battaglia_2004_HippocampalSharp/download.log
    jobid: 1
    reason: Missing output files: figures/battaglia_2004_HippocampalSharp/online; Code has changed since last execution
    wildcards: key=battaglia_2004_HippocampalSharp
    resources: tmpdir=/tmp
Select jobs to execute...
[Fri Nov 21 15:09:06 2025]
Finished jobid: 1 (Rule: download_figures)
1 of 4 steps (25%) done
Execute 1 jobs...
[Fri Nov 21 15:09:06 2025]
localrule download_figures:
    output: figures/kajikawa_2022_StatesRipples/online
    log: figures/kajikawa_2022_StatesRipples/download.log
    jobid: 2
    reason: Code has changed since last execution
    wildcards: key=kajikawa_2022_StatesRipples
    resources: tmpdir=/tmp
Select jobs to execute...
[Fri Nov 21 15:09:11 2025]
Finished jobid: 2 (Rule: download_figures)
2 of 4 steps (50%) done
Execute 1 jobs...
[Fri Nov 21 15:09:11 2025]
localrule download_figures:
    output: figures/sirota_2003_CommunicationNeocortex/online
    log: figures/sirota_2003_CommunicationNeocortex/download.log
    jobid: 3
    reason: Code has changed since last execution
    wildcards: key=sirota_2003_CommunicationNeocortex
    resources: tmpdir=/tmp
[Fri Nov 21 15:09:13 2025]
Finished jobid: 3 (Rule: download_figures)
3 of 4 steps (75%) done
Select jobs to execute...
Execute 1 jobs...
[Fri Nov 21 15:09:13 2025]
localrule all:
    input: pixecog.bib, figures/battaglia_2004_HippocampalSharp/online, figures/kajikawa_2022_StatesRipples/online, figures/sirota_2003_CommunicationNeocortex/online
    jobid: 0
    reason: Input files updated by another job: figures/kajikawa_2022_StatesRipples/online, figures/sirota_2003_CommunicationNeocortex/online, figures/battaglia_2004_HippocampalSharp/online
    resources: tmpdir=/tmp
[Fri Nov 21 15:09:13 2025]
Finished jobid: 0 (Rule: all)
4 of 4 steps (100%) done
Complete log(s): /home/arash/Documents/Science/Research/Projects/pixecog/bib/.snakemake/log/2025-11-21T150903.796581.snakemake.log
