Assuming unrestricted shared filesystem usage.
None
host: arash-XPS-13-9310
Building DAG of jobs...
Using shell: /usr/bin/bash
Provided cores: 1 (use --cores to define parallelism)
Rules claiming more threads will be scaled down.
Job stats:
job                     count
--------------------  -------
all                         1
extract_fulltext_pdf        3
total                       4

Select jobs to execute...
Failed to solve scheduling problem with ILP solver, falling back to greedy scheduler. You likely have to fix your ILP solver installation. Error message: Pulp: cannot execute cbc cwd: /home/arash/Documents/Science/Research/Projects/pixecog/bib
Execute 1 jobs...
[Fri Nov 21 16:02:01 2025]
localrule extract_fulltext_pdf:
    output: fulltext/battaglia_2004_HippocampalSharp/pdf
    jobid: 7
    reason: Missing output files: fulltext/battaglia_2004_HippocampalSharp/pdf
    wildcards: key=battaglia_2004_HippocampalSharp
    resources: tmpdir=/tmp
[Fri Nov 21 16:02:01 2025]
Finished jobid: 7 (Rule: extract_fulltext_pdf)
1 of 4 steps (25%) done
Select jobs to execute...
Execute 1 jobs...
[Fri Nov 21 16:02:01 2025]
localrule extract_fulltext_pdf:
    output: fulltext/sirota_2003_CommunicationNeocortex/pdf
    jobid: 9
    reason: Missing output files: fulltext/sirota_2003_CommunicationNeocortex/pdf
    wildcards: key=sirota_2003_CommunicationNeocortex
    resources: tmpdir=/tmp
[Fri Nov 21 16:02:01 2025]
Finished jobid: 9 (Rule: extract_fulltext_pdf)
2 of 4 steps (50%) done
Select jobs to execute...
Execute 1 jobs...
[Fri Nov 21 16:02:01 2025]
localrule extract_fulltext_pdf:
    output: fulltext/kajikawa_2022_StatesRipples/pdf
    jobid: 8
    reason: Missing output files: fulltext/kajikawa_2022_StatesRipples/pdf
    wildcards: key=kajikawa_2022_StatesRipples
    resources: tmpdir=/tmp
[Fri Nov 21 16:02:02 2025]
Finished jobid: 8 (Rule: extract_fulltext_pdf)
3 of 4 steps (75%) done
Select jobs to execute...
Execute 1 jobs...
[Fri Nov 21 16:02:02 2025]
localrule all:
    input: pixecog.bib, figures/battaglia_2004_HippocampalSharp/online, figures/kajikawa_2022_StatesRipples/online, figures/sirota_2003_CommunicationNeocortex/online, fulltext/battaglia_2004_HippocampalSharp/online, fulltext/kajikawa_2022_StatesRipples/online, fulltext/sirota_2003_CommunicationNeocortex/online, fulltext/battaglia_2004_HippocampalSharp/pdf, fulltext/kajikawa_2022_StatesRipples/pdf, fulltext/sirota_2003_CommunicationNeocortex/pdf
    jobid: 0
    reason: Rules with a run or shell declaration but no output are always executed.
    resources: tmpdir=/tmp
[Fri Nov 21 16:02:02 2025]
Finished jobid: 0 (Rule: all)
4 of 4 steps (100%) done
Complete log(s): /home/arash/Documents/Science/Research/Projects/pixecog/bib/.snakemake/log/2025-11-21T160201.093085.snakemake.log
