Assuming unrestricted shared filesystem usage.
None
host: arash-XPS-13-9310
Building DAG of jobs...
Using shell: /usr/bin/bash
Provided cores: 1 (use --cores to define parallelism)
Rules claiming more threads will be scaled down.
Job stats:
job                     count
--------------------  -------
all                         1
download_figures            3
download_fulltext           3
extract_fulltext_pdf        3
total                      10

Select jobs to execute...
Failed to solve scheduling problem with ILP solver, falling back to greedy scheduler. You likely have to fix your ILP solver installation. Error message: Pulp: cannot execute cbc cwd: /home/arash/Documents/Science/Research/Projects/pixecog/bib
Execute 1 jobs...
[Fri Nov 21 16:11:37 2025]
localrule download_fulltext:
    output: derivatives/fulltext/sirota_2003_CommunicationNeocortex/online
    jobid: 6
    reason: Missing output files: derivatives/fulltext/sirota_2003_CommunicationNeocortex/online
    wildcards: key=sirota_2003_CommunicationNeocortex
    resources: tmpdir=/tmp
Select jobs to execute...
[Fri Nov 21 16:11:39 2025]
Finished jobid: 6 (Rule: download_fulltext)
1 of 10 steps (10%) done
Execute 1 jobs...
[Fri Nov 21 16:11:39 2025]
localrule download_figures:
    output: derivatives/figures/battaglia_2004_HippocampalSharp/online
    log: derivatives/figures/battaglia_2004_HippocampalSharp/download.log
    jobid: 1
    reason: Missing output files: derivatives/figures/battaglia_2004_HippocampalSharp/online
    wildcards: key=battaglia_2004_HippocampalSharp
    resources: tmpdir=/tmp
Select jobs to execute...
[Fri Nov 21 16:11:42 2025]
Finished jobid: 1 (Rule: download_figures)
2 of 10 steps (20%) done
Execute 1 jobs...
[Fri Nov 21 16:11:42 2025]
localrule extract_fulltext_pdf:
    output: derivatives/fulltext/sirota_2003_CommunicationNeocortex/pdf
    jobid: 9
    reason: Missing output files: derivatives/fulltext/sirota_2003_CommunicationNeocortex/pdf
    wildcards: key=sirota_2003_CommunicationNeocortex
    resources: tmpdir=/tmp
[Fri Nov 21 16:11:42 2025]
Finished jobid: 9 (Rule: extract_fulltext_pdf)
3 of 10 steps (30%) done
Select jobs to execute...
Execute 1 jobs...
[Fri Nov 21 16:11:42 2025]
localrule download_figures:
    output: derivatives/figures/sirota_2003_CommunicationNeocortex/online
    log: derivatives/figures/sirota_2003_CommunicationNeocortex/download.log
    jobid: 3
    reason: Missing output files: derivatives/figures/sirota_2003_CommunicationNeocortex/online
    wildcards: key=sirota_2003_CommunicationNeocortex
    resources: tmpdir=/tmp
Select jobs to execute...
[Fri Nov 21 16:11:44 2025]
Finished jobid: 3 (Rule: download_figures)
4 of 10 steps (40%) done
Execute 1 jobs...
[Fri Nov 21 16:11:44 2025]
localrule download_fulltext:
    output: derivatives/fulltext/battaglia_2004_HippocampalSharp/online
    jobid: 4
    reason: Missing output files: derivatives/fulltext/battaglia_2004_HippocampalSharp/online
    wildcards: key=battaglia_2004_HippocampalSharp
    resources: tmpdir=/tmp
Select jobs to execute...
[Fri Nov 21 16:11:46 2025]
Finished jobid: 4 (Rule: download_fulltext)
5 of 10 steps (50%) done
Execute 1 jobs...
[Fri Nov 21 16:11:46 2025]
localrule extract_fulltext_pdf:
    output: derivatives/fulltext/battaglia_2004_HippocampalSharp/pdf
    jobid: 7
    reason: Missing output files: derivatives/fulltext/battaglia_2004_HippocampalSharp/pdf
    wildcards: key=battaglia_2004_HippocampalSharp
    resources: tmpdir=/tmp
Select jobs to execute...
[Fri Nov 21 16:11:46 2025]
Finished jobid: 7 (Rule: extract_fulltext_pdf)
6 of 10 steps (60%) done
Execute 1 jobs...
[Fri Nov 21 16:11:46 2025]
localrule download_figures:
    output: derivatives/figures/kajikawa_2022_StatesRipples/online
    log: derivatives/figures/kajikawa_2022_StatesRipples/download.log
    jobid: 2
    reason: Missing output files: derivatives/figures/kajikawa_2022_StatesRipples/online
    wildcards: key=kajikawa_2022_StatesRipples
    resources: tmpdir=/tmp
Select jobs to execute...
[Fri Nov 21 16:11:49 2025]
Finished jobid: 2 (Rule: download_figures)
7 of 10 steps (70%) done
Execute 1 jobs...
[Fri Nov 21 16:11:49 2025]
localrule download_fulltext:
    output: derivatives/fulltext/kajikawa_2022_StatesRipples/online
    jobid: 5
    reason: Missing output files: derivatives/fulltext/kajikawa_2022_StatesRipples/online
    wildcards: key=kajikawa_2022_StatesRipples
    resources: tmpdir=/tmp
Select jobs to execute...
[Fri Nov 21 16:11:51 2025]
Finished jobid: 5 (Rule: download_fulltext)
8 of 10 steps (80%) done
Execute 1 jobs...
[Fri Nov 21 16:11:51 2025]
localrule extract_fulltext_pdf:
    output: derivatives/fulltext/kajikawa_2022_StatesRipples/pdf
    jobid: 8
    reason: Missing output files: derivatives/fulltext/kajikawa_2022_StatesRipples/pdf
    wildcards: key=kajikawa_2022_StatesRipples
    resources: tmpdir=/tmp
[Fri Nov 21 16:12:42 2025]
Finished jobid: 8 (Rule: extract_fulltext_pdf)
9 of 10 steps (90%) done
Select jobs to execute...
Execute 1 jobs...
[Fri Nov 21 16:12:42 2025]
localrule all:
    input: pixecog.bib, derivatives/figures/battaglia_2004_HippocampalSharp/online, derivatives/figures/kajikawa_2022_StatesRipples/online, derivatives/figures/sirota_2003_CommunicationNeocortex/online, derivatives/fulltext/battaglia_2004_HippocampalSharp/online, derivatives/fulltext/kajikawa_2022_StatesRipples/online, derivatives/fulltext/sirota_2003_CommunicationNeocortex/online, derivatives/fulltext/battaglia_2004_HippocampalSharp/pdf, derivatives/fulltext/kajikawa_2022_StatesRipples/pdf, derivatives/fulltext/sirota_2003_CommunicationNeocortex/pdf
    jobid: 0
    reason: Rules with a run or shell declaration but no output are always executed.
    resources: tmpdir=/tmp
[Fri Nov 21 16:12:42 2025]
Finished jobid: 0 (Rule: all)
10 of 10 steps (100%) done
Complete log(s): /home/arash/Documents/Science/Research/Projects/pixecog/bib/.snakemake/log/2025-11-21T161137.444312.snakemake.log
