Assuming unrestricted shared filesystem usage.
None
host: arash-XPS-13-9310
Building DAG of jobs...
Using shell: /usr/bin/bash
Provided cores: 1 (use --cores to define parallelism)
Rules claiming more threads will be scaled down.
Job stats:
job                 count
----------------  -------
all                     1
download_figures        2
merge_figures           2
total                   5

Select jobs to execute...
Failed to solve scheduling problem with ILP solver, falling back to greedy scheduler. You likely have to fix your ILP solver installation. Error message: Pulp: cannot execute cbc cwd: /home/arash/Documents/Science/Research/Projects/pixecog/bib
Execute 1 jobs...
[Fri Nov 21 14:40:06 2025]
localrule download_figures:
    output: figures/sirota_2003_CommunicationNeocortex/online
    jobid: 8
    reason: Missing output files: figures/sirota_2003_CommunicationNeocortex/online; Code has changed since last execution; Params have changed since last execution: Union of exclusive params before and now across all output: before: <nothing exclusive> now: 'sirota_2003_CommunicationNeocortex' 
    wildcards: key=sirota_2003_CommunicationNeocortex
    resources: tmpdir=/tmp
Shell command: python code/download_figures.py sirota_2003_CommunicationNeocortex figures/sirota_2003_CommunicationNeocortex/online
[Fri Nov 21 14:40:06 2025]
Finished jobid: 8 (Rule: download_figures)
1 of 5 steps (20%) done
Select jobs to execute...
Execute 1 jobs...
[Fri Nov 21 14:40:06 2025]
localrule merge_figures:
    input: figures/sirota_2003_CommunicationNeocortex/online, figures/sirota_2003_CommunicationNeocortex/pdffigures2
    output: figures/sirota_2003_CommunicationNeocortex/preferred
    jobid: 7
    reason: Missing output files: figures/sirota_2003_CommunicationNeocortex/preferred; Input files updated by another job: figures/sirota_2003_CommunicationNeocortex/online
    wildcards: key=sirota_2003_CommunicationNeocortex
    resources: tmpdir=/tmp
Shell command: None
Select jobs to execute...
[Fri Nov 21 14:40:08 2025]
Finished jobid: 7 (Rule: merge_figures)
2 of 5 steps (40%) done
Execute 1 jobs...
[Fri Nov 21 14:40:08 2025]
localrule download_figures:
    output: figures/kajikawa_2022_StatesRipples/online
    jobid: 5
    reason: Missing output files: figures/kajikawa_2022_StatesRipples/online; Set of input files has changed since last execution; Code has changed since last execution; Params have changed since last execution: Union of exclusive params before and now across all output: before: <nothing exclusive> now: 'kajikawa_2022_StatesRipples' 
    wildcards: key=kajikawa_2022_StatesRipples
    resources: tmpdir=/tmp
Shell command: python code/download_figures.py kajikawa_2022_StatesRipples figures/kajikawa_2022_StatesRipples/online
[Fri Nov 21 14:40:12 2025]
Finished jobid: 5 (Rule: download_figures)
3 of 5 steps (60%) done
Select jobs to execute...
Execute 1 jobs...
[Fri Nov 21 14:40:12 2025]
localrule merge_figures:
    input: figures/kajikawa_2022_StatesRipples/online, figures/kajikawa_2022_StatesRipples/pdffigures2
    output: figures/kajikawa_2022_StatesRipples/preferred
    jobid: 4
    reason: Missing output files: figures/kajikawa_2022_StatesRipples/preferred; Input files updated by another job: figures/kajikawa_2022_StatesRipples/online
    wildcards: key=kajikawa_2022_StatesRipples
    resources: tmpdir=/tmp
Shell command: None
[Fri Nov 21 14:40:13 2025]
Finished jobid: 4 (Rule: merge_figures)
4 of 5 steps (80%) done
Select jobs to execute...
Execute 1 jobs...
[Fri Nov 21 14:40:13 2025]
localrule all:
    input: pixecog.bib, figures/battaglia_2004_HippocampalSharp/preferred, figures/kajikawa_2022_StatesRipples/preferred, figures/sirota_2003_CommunicationNeocortex/preferred
    jobid: 0
    reason: Input files updated by another job: figures/sirota_2003_CommunicationNeocortex/preferred, figures/kajikawa_2022_StatesRipples/preferred
    resources: tmpdir=/tmp
Shell command: echo 'All done!'
[Fri Nov 21 14:40:13 2025]
Finished jobid: 0 (Rule: all)
5 of 5 steps (100%) done
Complete log(s): /home/arash/Documents/Science/Research/Projects/pixecog/bib/.snakemake/log/2025-11-21T144006.271954.snakemake.log
