Assuming unrestricted shared filesystem usage.
None
host: arash-XPS-13-9310
Building DAG of jobs...
Using shell: /usr/bin/bash
Provided cores: 1 (use --cores to define parallelism)
Rules claiming more threads will be scaled down.
Job stats:
job                 count
----------------  -------
all                     1
download_figures        2
extract_figures         3
merge_figures           3
total                   9

Select jobs to execute...
Failed to solve scheduling problem with ILP solver, falling back to greedy scheduler. You likely have to fix your ILP solver installation. Error message: Pulp: cannot execute cbc cwd: /home/arash/Documents/Science/Research/Projects/pixecog/bib
Execute 1 jobs...
[Fri Nov 21 14:32:06 2025]
localrule extract_figures:
    input: pdfs/Kajikawa et al_2022_UP–DOWN states and ripples differentially modulate membrane potential dynamics.pdf
    output: figures/kajikawa_2022_StatesRipples/pdffigures2
    jobid: 6
    reason: Missing output files: figures/kajikawa_2022_StatesRipples/pdffigures2; Code has changed since last execution
    wildcards: key=kajikawa_2022_StatesRipples
    resources: tmpdir=/tmp
RuleException:
CalledProcessError in file "/home/arash/Documents/Science/Research/Projects/pixecog/bib/Snakefile", line 72:
Command 'set -euo pipefail;  
        mkdir -p figures/kajikawa_2022_StatesRipples/pdffigures2/figs

        pdffigures2 \
          -i 300 \
          -m figures/kajikawa_2022_StatesRipples/pdffigures2/figs/ \
          -d figures/kajikawa_2022_StatesRipples/pdffigures2/data_ \
          -s figures/kajikawa_2022_StatesRipples/pdffigures2/stats.json \
          pdfs/Kajikawa et al_2022_UP–DOWN states and ripples differentially modulate membrane potential dynamics.pdf' returned non-zero exit status 127.
[Fri Nov 21 14:32:07 2025]
Error in rule extract_figures:
    message: None
    jobid: 6
    input: pdfs/Kajikawa et al_2022_UP–DOWN states and ripples differentially modulate membrane potential dynamics.pdf
    output: figures/kajikawa_2022_StatesRipples/pdffigures2
    shell:
        
        mkdir -p figures/kajikawa_2022_StatesRipples/pdffigures2/figs

        pdffigures2 \
          -i 300 \
          -m figures/kajikawa_2022_StatesRipples/pdffigures2/figs/ \
          -d figures/kajikawa_2022_StatesRipples/pdffigures2/data_ \
          -s figures/kajikawa_2022_StatesRipples/pdffigures2/stats.json \
          pdfs/Kajikawa et al_2022_UP–DOWN states and ripples differentially modulate membrane potential dynamics.pdf
        
        (command exited with non-zero exit code)
Removing output files of failed job extract_figures since they might be corrupted:
figures/kajikawa_2022_StatesRipples/pdffigures2
Shutting down, this might take some time.
Exiting because a job execution failed. Look below for error messages
[Fri Nov 21 14:32:07 2025]
Error in rule extract_figures:
    message: None
    jobid: 6
    input: pdfs/Kajikawa et al_2022_UP–DOWN states and ripples differentially modulate membrane potential dynamics.pdf
    output: figures/kajikawa_2022_StatesRipples/pdffigures2
    shell:
        
        mkdir -p figures/kajikawa_2022_StatesRipples/pdffigures2/figs

        pdffigures2 \
          -i 300 \
          -m figures/kajikawa_2022_StatesRipples/pdffigures2/figs/ \
          -d figures/kajikawa_2022_StatesRipples/pdffigures2/data_ \
          -s figures/kajikawa_2022_StatesRipples/pdffigures2/stats.json \
          pdfs/Kajikawa et al_2022_UP–DOWN states and ripples differentially modulate membrane potential dynamics.pdf
        
        (command exited with non-zero exit code)
Complete log(s): /home/arash/Documents/Science/Research/Projects/pixecog/bib/.snakemake/log/2025-11-21T143206.865767.snakemake.log
WorkflowError:
At least one job did not complete successfully.
