Assuming unrestricted shared filesystem usage.
None
host: arash-XPS-13-9310
Building DAG of jobs...
Using shell: /usr/bin/bash
Provided cores: 1 (use --cores to define parallelism)
Rules claiming more threads will be scaled down.
Job stats:
job                 count
----------------  -------
all                     1
download_figures        3
extract_figures         3
total                   7

Select jobs to execute...
Failed to solve scheduling problem with ILP solver, falling back to greedy scheduler. You likely have to fix your ILP solver installation. Error message: Pulp: cannot execute cbc cwd: /home/arash/Documents/Science/Research/Projects/pixecog/bib
Execute 1 jobs...
[Fri Nov 21 15:02:50 2025]
localrule extract_figures:
    input: pdfs/Kajikawa et al_2022_UP–DOWN states and ripples differentially modulate membrane potential dynamics.pdf
    output: figures/kajikawa_2022_StatesRipples/pdffigures2
    jobid: 5
    reason: Missing output files: figures/kajikawa_2022_StatesRipples/pdffigures2
    wildcards: key=kajikawa_2022_StatesRipples
    resources: tmpdir=/tmp
Select jobs to execute...
[Fri Nov 21 15:03:02 2025]
Finished jobid: 5 (Rule: extract_figures)
1 of 7 steps (14%) done
Execute 1 jobs...
[Fri Nov 21 15:03:02 2025]
localrule extract_figures:
    input: pdfs/Battaglia et al_2004_Hippocampal sharp wave bursts coincide with neocortical “up-state” transitions.pdf
    output: figures/battaglia_2004_HippocampalSharp/pdffigures2
    jobid: 4
    reason: Missing output files: figures/battaglia_2004_HippocampalSharp/pdffigures2
    wildcards: key=battaglia_2004_HippocampalSharp
    resources: tmpdir=/tmp
Select jobs to execute...
[Fri Nov 21 15:03:05 2025]
Finished jobid: 4 (Rule: extract_figures)
2 of 7 steps (29%) done
Execute 1 jobs...
[Fri Nov 21 15:03:05 2025]
localrule extract_figures:
    input: pdfs/Sirota et al_2003_Communication between neocortex and hippocampus during sleep in rodents.pdf
    output: figures/sirota_2003_CommunicationNeocortex/pdffigures2
    jobid: 6
    reason: Missing output files: figures/sirota_2003_CommunicationNeocortex/pdffigures2
    wildcards: key=sirota_2003_CommunicationNeocortex
    resources: tmpdir=/tmp
Select jobs to execute...
[Fri Nov 21 15:03:09 2025]
Finished jobid: 6 (Rule: extract_figures)
3 of 7 steps (43%) done
Execute 1 jobs...
[Fri Nov 21 15:03:09 2025]
localrule download_figures:
    output: figures/battaglia_2004_HippocampalSharp/online
    jobid: 1
    reason: Missing output files: figures/battaglia_2004_HippocampalSharp/online
    wildcards: key=battaglia_2004_HippocampalSharp
    resources: tmpdir=/tmp
Select jobs to execute...
[Fri Nov 21 15:03:12 2025]
Finished jobid: 1 (Rule: download_figures)
4 of 7 steps (57%) done
Execute 1 jobs...
[Fri Nov 21 15:03:12 2025]
localrule download_figures:
    output: figures/kajikawa_2022_StatesRipples/online
    jobid: 2
    reason: Missing output files: figures/kajikawa_2022_StatesRipples/online
    wildcards: key=kajikawa_2022_StatesRipples
    resources: tmpdir=/tmp
Select jobs to execute...
[Fri Nov 21 15:03:18 2025]
Finished jobid: 2 (Rule: download_figures)
5 of 7 steps (71%) done
Execute 1 jobs...
[Fri Nov 21 15:03:18 2025]
localrule download_figures:
    output: figures/sirota_2003_CommunicationNeocortex/online
    jobid: 3
    reason: Missing output files: figures/sirota_2003_CommunicationNeocortex/online
    wildcards: key=sirota_2003_CommunicationNeocortex
    resources: tmpdir=/tmp
[Fri Nov 21 15:03:19 2025]
Finished jobid: 3 (Rule: download_figures)
6 of 7 steps (86%) done
Select jobs to execute...
Execute 1 jobs...
[Fri Nov 21 15:03:19 2025]
localrule all:
    input: pixecog.bib, figures/battaglia_2004_HippocampalSharp/online, figures/kajikawa_2022_StatesRipples/online, figures/sirota_2003_CommunicationNeocortex/online, figures/battaglia_2004_HippocampalSharp/pdffigures2, figures/kajikawa_2022_StatesRipples/pdffigures2, figures/sirota_2003_CommunicationNeocortex/pdffigures2
    jobid: 0
    reason: Rules with a run or shell declaration but no output are always executed.
    resources: tmpdir=/tmp
[Fri Nov 21 15:03:19 2025]
Finished jobid: 0 (Rule: all)
7 of 7 steps (100%) done
Complete log(s): /home/arash/Documents/Science/Research/Projects/pixecog/bib/.snakemake/log/2025-11-21T150250.028240.snakemake.log
