Assuming unrestricted shared filesystem usage.
host: gamma2
Building DAG of jobs...
Using shell: /bin/bash
Provided cores: 1 (use --cores to define parallelism)
Rules claiming more threads will be scaled down.
Job stats:
job      count
-----  -------
all          1
total        1

Select jobs to execute...
Execute 1 jobs...
[Fri Nov 21 13:24:13 2025]
localrule all:
    input: pixecog.bib
    jobid: 0
    reason: Rules with a run or shell declaration but no output are always executed.
    resources: tmpdir=/tmp
[Fri Nov 21 13:24:13 2025]
Finished jobid: 0 (Rule: all)
1 of 1 steps (100%) done
Complete log(s): /storage2/arash/data/proj-pixecog/pixecog/bib/.snakemake/log/2025-11-21T132413.265583.snakemake.log
